# JRE version: Java(TM) SE Runtime Environment (19.0.1+10) (build 19.0.1+10-21)
# Java VM: Java HotSpot(TM) 64-Bit Server VM (19.0.1+10-21, mixed mode, sharing, tiered, compressed oops, compressed class ptrs, g1 gc, windows-amd64)
GC Precious Log:
 CardTable entry size: 512
 Card Set container configuration: InlinePtr #cards 5 size 8 Array Of Cards #cards 12 size 40 Howl #buckets 4 coarsen threshold 1843 Howl Bitmap #cards 512 size 80 coarsen threshold 460 Card regions per heap region 1 cards per card region 2048
 CPUs: 2 total, 2 available
 Memory: 4095M
 Large Page Support: Disabled
 NUMA Support: Disabled
 Compressed Oops: Enabled (32-bit)
 Heap Region Size: 1M
 Heap Min Capacity: 8M
 Heap Initial Capacity: 64M
 Heap Max Capacity: 1G
 Pre-touch: Disabled
 Parallel Workers: 2
 Concurrent Workers: 1
 Concurrent Refinement Workers: 2
 Periodic GC: Disabled
Heap:
 garbage-first heap   total 162816K, used 100797K [0x00000000c0000000, 0x0000000100000000)
  region size 1024K, 9 young (9216K), 3 survivors (3072K)
 Metaspace       used 33020K, committed 33408K, reserved 1114112K
  class space    used 4278K, committed 4480K, reserved 1048576K
GC Heap History (20 events):
Event: 7.517 GC heap before
{Heap before GC invocations=5 (full 0):
 garbage-first heap   total 65536K, used 23711K [0x00000000c0000000, 0x0000000100000000)
  region size 1024K, 5 young (5120K), 4 survivors (4096K)
 Metaspace       used 21148K, committed 21504K, reserved 1114112K
  class space    used 2774K, committed 2944K, reserved 1048576K
}
Event: 7.523 GC heap after
{Heap after GC invocations=6 (full 0):
 garbage-first heap   total 65536K, used 24104K [0x00000000c0000000, 0x0000000100000000)
  region size 1024K, 1 young (1024K), 1 survivors (1024K)
 Metaspace       used 21148K, committed 21504K, reserved 1114112K
  class space    used 2774K, committed 2944K, reserved 1048576K
}
Event: 9.730 GC heap before
{Heap before GC invocations=7 (full 0):
 garbage-first heap   total 105472K, used 83496K [0x00000000c0000000, 0x0000000100000000)
  region size 1024K, 21 young (21504K), 1 survivors (1024K)
 Metaspace       used 28389K, committed 28736K, reserved 1114112K
  class space    used 3713K, committed 3904K, reserved 1048576K
}
Event: 9.734 GC heap after
{Heap after GC invocations=8 (full 0):
 garbage-first heap   total 105472K, used 68880K [0x00000000c0000000, 0x0000000100000000)
  region size 1024K, 3 young (3072K), 3 survivors (3072K)
 Metaspace       used 28389K, committed 28736K, reserved 1114112K
  class space    used 3713K, committed 3904K, reserved 1048576K
}
Event: 9.782 GC heap before
{Heap before GC invocations=8 (full 0):
 garbage-first heap   total 105472K, used 70928K [0x00000000c0000000, 0x0000000100000000)
  region size 1024K, 5 young (5120K), 3 survivors (3072K)
 Metaspace       used 28723K, committed 29120K, reserved 1114112K
  class space    used 3778K, committed 3968K, reserved 1048576K
}
Event: 9.785 GC heap after
{Heap after GC invocations=9 (full 0):
 garbage-first heap   total 105472K, used 69227K [0x00000000c0000000, 0x0000000100000000)
  region size 1024K, 1 young (1024K), 1 survivors (1024K)
 Metaspace       used 28723K, committed 29120K, reserved 1114112K
  class space    used 3778K, committed 3968K, reserved 1048576K
}
Event: 9.860 GC heap before
{Heap before GC invocations=9 (full 0):
 garbage-first heap   total 105472K, used 70251K [0x00000000c0000000, 0x0000000100000000)
  region size 1024K, 3 young (3072K), 1 survivors (1024K)
 Metaspace       used 28949K, committed 29376K, reserved 1114112K
  class space    used 3813K, committed 4032K, reserved 1048576K
}
Event: 9.861 GC heap after
{Heap after GC invocations=10 (full 0):
 garbage-first heap   total 126976K, used 69433K [0x00000000c0000000, 0x0000000100000000)
  region size 1024K, 1 young (1024K), 1 survivors (1024K)
 Metaspace       used 28949K, committed 29376K, reserved 1114112K
  class space    used 3813K, committed 4032K, reserved 1048576K
}
Event: 11.311 GC heap before
{Heap before GC invocations=11 (full 0):
 garbage-first heap   total 126976K, used 100153K [0x00000000c0000000, 0x0000000100000000)
  region size 1024K, 30 young (30720K), 1 survivors (1024K)
 Metaspace       used 31842K, committed 32256K, reserved 1114112K
  class space    used 4241K, committed 4416K, reserved 1048576K
}
Event: 11.322 GC heap after
{Heap after GC invocations=12 (full 0):
 garbage-first heap   total 126976K, used 78164K [0x00000000c0000000, 0x0000000100000000)
  region size 1024K, 4 young (4096K), 4 survivors (4096K)
 Metaspace       used 31842K, committed 32256K, reserved 1114112K
  class space    used 4241K, committed 4416K, reserved 1048576K
}
Event: 11.475 GC heap before
{Heap before GC invocations=12 (full 0):
 garbage-first heap   total 126976K, used 80212K [0x00000000c0000000, 0x0000000100000000)
  region size 1024K, 6 young (6144K), 4 survivors (4096K)
 Metaspace       used 31891K, committed 32256K, reserved 1114112K
  class space    used 4241K, committed 4416K, reserved 1048576K
}
Event: 11.482 GC heap after
{Heap after GC invocations=13 (full 0):
 garbage-first heap   total 126976K, used 78989K [0x00000000c0000000, 0x0000000100000000)
  region size 1024K, 1 young (1024K), 1 survivors (1024K)
 Metaspace       used 31891K, committed 32256K, reserved 1114112K
  class space    used 4241K, committed 4416K, reserved 1048576K
}
Event: 11.872 GC heap before
{Heap before GC invocations=13 (full 0):
 garbage-first heap   total 126976K, used 99469K [0x00000000c0000000, 0x0000000100000000)
  region size 1024K, 22 young (22528K), 1 survivors (1024K)
 Metaspace       used 32151K, committed 32576K, reserved 1114112K
  class space    used 4242K, committed 4416K, reserved 1048576K
}
Event: 11.883 GC heap after
{Heap after GC invocations=14 (full 0):
 garbage-first heap   total 126976K, used 85740K [0x00000000c0000000, 0x0000000100000000)
  region size 1024K, 3 young (3072K), 3 survivors (3072K)
 Metaspace       used 32151K, committed 32576K, reserved 1114112K
  class space    used 4242K, committed 4416K, reserved 1048576K
}
Event: 12.064 GC heap before
{Heap before GC invocations=15 (full 0):
 garbage-first heap   total 145408K, used 101100K [0x00000000c0000000, 0x0000000100000000)
  region size 1024K, 18 young (18432K), 3 survivors (3072K)
 Metaspace       used 32169K, committed 32576K, reserved 1114112K
  class space    used 4243K, committed 4416K, reserved 1048576K
}
Event: 12.077 GC heap after
{Heap after GC invocations=16 (full 0):
 garbage-first heap   total 145408K, used 91546K [0x00000000c0000000, 0x0000000100000000)
  region size 1024K, 3 young (3072K), 3 survivors (3072K)
 Metaspace       used 32169K, committed 32576K, reserved 1114112K
  class space    used 4243K, committed 4416K, reserved 1048576K
}
Event: 12.132 GC heap before
{Heap before GC invocations=16 (full 0):
 garbage-first heap   total 145408K, used 95642K [0x00000000c0000000, 0x0000000100000000)
  region size 1024K, 7 young (7168K), 3 survivors (3072K)
 Metaspace       used 32169K, committed 32576K, reserved 1114112K
  class space    used 4243K, committed 4416K, reserved 1048576K
}
Event: 12.152 GC heap after
{Heap after GC invocations=17 (full 0):
 garbage-first heap   total 145408K, used 93180K [0x00000000c0000000, 0x0000000100000000)
  region size 1024K, 1 young (1024K), 1 survivors (1024K)
 Metaspace       used 32169K, committed 32576K, reserved 1114112K
  class space    used 4243K, committed 4416K, reserved 1048576K
}
Event: 16.942 GC heap before
{Heap before GC invocations=17 (full 0):
 garbage-first heap   total 145408K, used 113660K [0x00000000c0000000, 0x0000000100000000)
  region size 1024K, 21 young (21504K), 1 survivors (1024K)
 Metaspace       used 32861K, committed 33280K, reserved 1114112K
  class space    used 4278K, committed 4480K, reserved 1048576K
}
Event: 16.985 GC heap after
{Heap after GC invocations=18 (full 0):
 garbage-first heap   total 145408K, used 100797K [0x00000000c0000000, 0x0000000100000000)
  region size 1024K, 3 young (3072K), 3 survivors (3072K)
 Metaspace       used 32861K, committed 33280K, reserved 1114112K
  class space    used 4278K, committed 4480K, reserved 1048576K
}

