# JRE version: Java(TM) SE Runtime Environment (19.0.1+10) (build 19.0.1+10-21)
# Java VM: Java HotSpot(TM) 64-Bit Server VM (19.0.1+10-21, mixed mode, sharing, tiered, compressed oops, compressed class ptrs, g1 gc, windows-amd64)
GC Precious Log:
 CardTable entry size: 512
 Card Set container configuration: InlinePtr #cards 5 size 8 Array Of Cards #cards 12 size 40 Howl #buckets 4 coarsen threshold 1843 Howl Bitmap #cards 512 size 80 coarsen threshold 460 Card regions per heap region 1 cards per card region 2048
 CPUs: 2 total, 2 available
 Memory: 4095M
 Large Page Support: Disabled
 NUMA Support: Disabled
 Compressed Oops: Enabled (32-bit)
 Heap Region Size: 1M
 Heap Min Capacity: 8M
 Heap Initial Capacity: 64M
 Heap Max Capacity: 1G
 Pre-touch: Disabled
 Parallel Workers: 2
 Concurrent Workers: 1
 Concurrent Refinement Workers: 2
 Periodic GC: Disabled
Heap:
 garbage-first heap   total 235520K, used 155206K [0x00000000c0000000, 0x0000000100000000)
  region size 1024K, 76 young (77824K), 3 survivors (3072K)
 Metaspace       used 33115K, committed 33472K, reserved 1114112K
  class space    used 4263K, committed 4416K, reserved 1048576K
GC Heap History (20 events):
Event: 0.476 GC heap before
{Heap before GC invocations=1 (full 0):
 garbage-first heap   total 65536K, used 7872K [0x00000000c0000000, 0x0000000100000000)
  region size 1024K, 8 young (8192K), 1 survivors (1024K)
 Metaspace       used 1845K, committed 2048K, reserved 1114112K
  class space    used 176K, committed 256K, reserved 1048576K
}
Event: 0.479 GC heap after
{Heap after GC invocations=2 (full 0):
 garbage-first heap   total 65536K, used 4262K [0x00000000c0000000, 0x0000000100000000)
  region size 1024K, 1 young (1024K), 1 survivors (1024K)
 Metaspace       used 1845K, committed 2048K, reserved 1114112K
  class space    used 176K, committed 256K, reserved 1048576K
}
Event: 0.884 GC heap before
{Heap before GC invocations=2 (full 0):
 garbage-first heap   total 65536K, used 13478K [0x00000000c0000000, 0x0000000100000000)
  region size 1024K, 11 young (11264K), 1 survivors (1024K)
 Metaspace       used 5316K, committed 5568K, reserved 1114112K
  class space    used 583K, committed 704K, reserved 1048576K
}
Event: 0.886 GC heap after
{Heap after GC invocations=3 (full 0):
 garbage-first heap   total 65536K, used 5222K [0x00000000c0000000, 0x0000000100000000)
  region size 1024K, 2 young (2048K), 2 survivors (2048K)
 Metaspace       used 5316K, committed 5568K, reserved 1114112K
  class space    used 583K, committed 704K, reserved 1048576K
}
Event: 4.987 GC heap before
{Heap before GC invocations=3 (full 0):
 garbage-first heap   total 65536K, used 48230K [0x00000000c0000000, 0x0000000100000000)
  region size 1024K, 38 young (38912K), 2 survivors (2048K)
 Metaspace       used 15727K, committed 16064K, reserved 1114112K
  class space    used 2273K, committed 2432K, reserved 1048576K
}
Event: 4.997 GC heap after
{Heap after GC invocations=4 (full 0):
 garbage-first heap   total 65536K, used 17116K [0x00000000c0000000, 0x0000000100000000)
  region size 1024K, 5 young (5120K), 5 survivors (5120K)
 Metaspace       used 15727K, committed 16064K, reserved 1114112K
  class space    used 2273K, committed 2432K, reserved 1048576K
}
Event: 5.454 GC heap before
{Heap before GC invocations=4 (full 0):
 garbage-first heap   total 65536K, used 30428K [0x00000000c0000000, 0x0000000100000000)
  region size 1024K, 20 young (20480K), 5 survivors (5120K)
 Metaspace       used 21191K, committed 21504K, reserved 1114112K
  class space    used 2773K, committed 2944K, reserved 1048576K
}
Event: 5.471 GC heap after
{Heap after GC invocations=5 (full 0):
 garbage-first heap   total 65536K, used 19414K [0x00000000c0000000, 0x0000000100000000)
  region size 1024K, 2 young (2048K), 2 survivors (2048K)
 Metaspace       used 21191K, committed 21504K, reserved 1114112K
  class space    used 2773K, committed 2944K, reserved 1048576K
}
Event: 7.066 GC heap before
{Heap before GC invocations=6 (full 0):
 garbage-first heap   total 105472K, used 84950K [0x00000000c0000000, 0x0000000100000000)
  region size 1024K, 28 young (28672K), 2 survivors (2048K)
 Metaspace       used 29008K, committed 29376K, reserved 1114112K
  class space    used 3823K, committed 3968K, reserved 1048576K
}
Event: 7.074 GC heap after
{Heap after GC invocations=7 (full 0):
 garbage-first heap   total 105472K, used 65093K [0x00000000c0000000, 0x0000000100000000)
  region size 1024K, 4 young (4096K), 4 survivors (4096K)
 Metaspace       used 29008K, committed 29376K, reserved 1114112K
  class space    used 3823K, committed 3968K, reserved 1048576K
}
Event: 7.114 GC heap before
{Heap before GC invocations=7 (full 0):
 garbage-first heap   total 105472K, used 66117K [0x00000000c0000000, 0x0000000100000000)
  region size 1024K, 5 young (5120K), 4 survivors (4096K)
 Metaspace       used 29114K, committed 29504K, reserved 1114112K
  class space    used 3829K, committed 4032K, reserved 1048576K
}
Event: 7.122 GC heap after
{Heap after GC invocations=8 (full 0):
 garbage-first heap   total 105472K, used 65766K [0x00000000c0000000, 0x0000000100000000)
  region size 1024K, 1 young (1024K), 1 survivors (1024K)
 Metaspace       used 29114K, committed 29504K, reserved 1114112K
  class space    used 3829K, committed 4032K, reserved 1048576K
}
Event: 7.888 GC heap before
{Heap before GC invocations=8 (full 0):
 garbage-first heap   total 105472K, used 84198K [0x00000000c0000000, 0x0000000100000000)
  region size 1024K, 19 young (19456K), 1 survivors (1024K)
 Metaspace       used 31200K, committed 31552K, reserved 1114112K
  class space    used 4199K, committed 4352K, reserved 1048576K
}
Event: 7.895 GC heap after
{Heap after GC invocations=9 (full 0):
 garbage-first heap   total 105472K, used 69625K [0x00000000c0000000, 0x0000000100000000)
  region size 1024K, 3 young (3072K), 3 survivors (3072K)
 Metaspace       used 31200K, committed 31552K, reserved 1114112K
  class space    used 4199K, committed 4352K, reserved 1048576K
}
Event: 8.358 GC heap before
{Heap before GC invocations=10 (full 0):
 garbage-first heap   total 117760K, used 82937K [0x00000000c0000000, 0x0000000100000000)
  region size 1024K, 17 young (17408K), 3 survivors (3072K)
 Metaspace       used 31557K, committed 31936K, reserved 1114112K
  class space    used 4207K, committed 4352K, reserved 1048576K
}
Event: 8.369 GC heap after
{Heap after GC invocations=11 (full 0):
 garbage-first heap   total 117760K, used 73728K [0x00000000c0000000, 0x0000000100000000)
  region size 1024K, 3 young (3072K), 3 survivors (3072K)
 Metaspace       used 31557K, committed 31936K, reserved 1114112K
  class space    used 4207K, committed 4352K, reserved 1048576K
}
Event: 8.408 GC heap before
{Heap before GC invocations=11 (full 0):
 garbage-first heap   total 117760K, used 75776K [0x00000000c0000000, 0x0000000100000000)
  region size 1024K, 5 young (5120K), 3 survivors (3072K)
 Metaspace       used 31615K, committed 32000K, reserved 1114112K
  class space    used 4208K, committed 4352K, reserved 1048576K
}
Event: 8.420 GC heap after
{Heap after GC invocations=12 (full 0):
 garbage-first heap   total 117760K, used 75053K [0x00000000c0000000, 0x0000000100000000)
  region size 1024K, 1 young (1024K), 1 survivors (1024K)
 Metaspace       used 31615K, committed 32000K, reserved 1114112K
  class space    used 4208K, committed 4352K, reserved 1048576K
}
Event: 8.731 GC heap before
{Heap before GC invocations=12 (full 0):
 garbage-first heap   total 117760K, used 92461K [0x00000000c0000000, 0x0000000100000000)
  region size 1024K, 18 young (18432K), 1 survivors (1024K)
 Metaspace       used 31738K, committed 32064K, reserved 1114112K
  class space    used 4208K, committed 4352K, reserved 1048576K
}
Event: 8.754 GC heap after
{Heap after GC invocations=13 (full 0):
 garbage-first heap   total 235520K, used 81478K [0x00000000c0000000, 0x0000000100000000)
  region size 1024K, 3 young (3072K), 3 survivors (3072K)
 Metaspace       used 31738K, committed 32064K, reserved 1114112K
  class space    used 4208K, committed 4352K, reserved 1048576K
}

