# JRE version: Java(TM) SE Runtime Environment (19.0.1+10) (build 19.0.1+10-21)
# Java VM: Java HotSpot(TM) 64-Bit Server VM (19.0.1+10-21, mixed mode, sharing, tiered, compressed oops, compressed class ptrs, g1 gc, windows-amd64)
GC Precious Log:
 CardTable entry size: 512
 Card Set container configuration: InlinePtr #cards 5 size 8 Array Of Cards #cards 12 size 40 Howl #buckets 4 coarsen threshold 1843 Howl Bitmap #cards 512 size 80 coarsen threshold 460 Card regions per heap region 1 cards per card region 2048
 CPUs: 2 total, 2 available
 Memory: 4095M
 Large Page Support: Disabled
 NUMA Support: Disabled
 Compressed Oops: Enabled (32-bit)
 Heap Region Size: 1M
 Heap Min Capacity: 8M
 Heap Initial Capacity: 64M
 Heap Max Capacity: 1G
 Pre-touch: Disabled
 Parallel Workers: 2
 Concurrent Workers: 1
 Concurrent Refinement Workers: 2
 Periodic GC: Disabled
Heap:
 garbage-first heap   total 152576K, used 94208K [0x00000000c0000000, 0x0000000100000000)
  region size 1024K, 8 young (8192K), 3 survivors (3072K)
 Metaspace       used 32288K, committed 32704K, reserved 1114112K
  class space    used 4230K, committed 4416K, reserved 1048576K
GC Heap History (20 events):
Event: 6.967 GC heap before
{Heap before GC invocations=3 (full 0):
 garbage-first heap   total 65536K, used 49023K [0x00000000c0000000, 0x0000000100000000)
  region size 1024K, 38 young (38912K), 2 survivors (2048K)
 Metaspace       used 16147K, committed 16384K, reserved 1114112K
  class space    used 2320K, committed 2432K, reserved 1048576K
}
Event: 6.977 GC heap after
{Heap after GC invocations=4 (full 0):
 garbage-first heap   total 65536K, used 17378K [0x00000000c0000000, 0x0000000100000000)
  region size 1024K, 5 young (5120K), 5 survivors (5120K)
 Metaspace       used 16147K, committed 16384K, reserved 1114112K
  class space    used 2320K, committed 2432K, reserved 1048576K
}
Event: 7.435 GC heap before
{Heap before GC invocations=4 (full 0):
 garbage-first heap   total 65536K, used 29666K [0x00000000c0000000, 0x0000000100000000)
  region size 1024K, 18 young (18432K), 5 survivors (5120K)
 Metaspace       used 21146K, committed 21504K, reserved 1114112K
  class space    used 2763K, committed 2944K, reserved 1048576K
}
Event: 7.444 GC heap after
{Heap after GC invocations=5 (full 0):
 garbage-first heap   total 65536K, used 19274K [0x00000000c0000000, 0x0000000100000000)
  region size 1024K, 2 young (2048K), 2 survivors (2048K)
 Metaspace       used 21146K, committed 21504K, reserved 1114112K
  class space    used 2763K, committed 2944K, reserved 1048576K
}
Event: 9.260 GC heap before
{Heap before GC invocations=6 (full 0):
 garbage-first heap   total 65536K, used 38730K [0x00000000c0000000, 0x0000000100000000)
  region size 1024K, 23 young (23552K), 2 survivors (2048K)
 Metaspace       used 27984K, committed 28352K, reserved 1114112K
  class space    used 3708K, committed 3904K, reserved 1048576K
}
Event: 9.266 GC heap after
{Heap after GC invocations=7 (full 0):
 garbage-first heap   total 65536K, used 23985K [0x00000000c0000000, 0x0000000100000000)
  region size 1024K, 4 young (4096K), 4 survivors (4096K)
 Metaspace       used 27984K, committed 28352K, reserved 1114112K
  class space    used 3708K, committed 3904K, reserved 1048576K
}
Event: 10.504 GC heap before
{Heap before GC invocations=7 (full 0):
 garbage-first heap   total 81920K, used 81329K [0x00000000c0000000, 0x0000000100000000)
  region size 1024K, 21 young (21504K), 4 survivors (4096K)
 Metaspace       used 30374K, committed 30720K, reserved 1114112K
  class space    used 4078K, committed 4224K, reserved 1048576K
}
Event: 10.514 GC heap after
{Heap after GC invocations=8 (full 0):
 garbage-first heap   total 89088K, used 66463K [0x00000000c0000000, 0x0000000100000000)
  region size 1024K, 3 young (3072K), 3 survivors (3072K)
 Metaspace       used 30374K, committed 30720K, reserved 1114112K
  class space    used 4078K, committed 4224K, reserved 1048576K
}
Event: 10.715 GC heap before
{Heap before GC invocations=8 (full 0):
 garbage-first heap   total 89088K, used 72607K [0x00000000c0000000, 0x0000000100000000)
  region size 1024K, 9 young (9216K), 3 survivors (3072K)
 Metaspace       used 31026K, committed 31424K, reserved 1114112K
  class space    used 4182K, committed 4352K, reserved 1048576K
}
Event: 10.722 GC heap after
{Heap after GC invocations=9 (full 0):
 garbage-first heap   total 89088K, used 68275K [0x00000000c0000000, 0x0000000100000000)
  region size 1024K, 2 young (2048K), 2 survivors (2048K)
 Metaspace       used 31026K, committed 31424K, reserved 1114112K
  class space    used 4182K, committed 4352K, reserved 1048576K
}
Event: 10.897 GC heap before
{Heap before GC invocations=10 (full 0):
 garbage-first heap   total 116736K, used 74419K [0x00000000c0000000, 0x0000000100000000)
  region size 1024K, 8 young (8192K), 2 survivors (2048K)
 Metaspace       used 31212K, committed 31616K, reserved 1114112K
  class space    used 4189K, committed 4352K, reserved 1048576K
}
Event: 10.904 GC heap after
{Heap after GC invocations=11 (full 0):
 garbage-first heap   total 116736K, used 70402K [0x00000000c0000000, 0x0000000100000000)
  region size 1024K, 1 young (1024K), 1 survivors (1024K)
 Metaspace       used 31212K, committed 31616K, reserved 1114112K
  class space    used 4189K, committed 4352K, reserved 1048576K
}
Event: 11.277 GC heap before
{Heap before GC invocations=11 (full 0):
 garbage-first heap   total 116736K, used 88834K [0x00000000c0000000, 0x0000000100000000)
  region size 1024K, 20 young (20480K), 1 survivors (1024K)
 Metaspace       used 31491K, committed 31872K, reserved 1114112K
  class space    used 4191K, committed 4352K, reserved 1048576K
}
Event: 11.293 GC heap after
{Heap after GC invocations=12 (full 0):
 garbage-first heap   total 116736K, used 77067K [0x00000000c0000000, 0x0000000100000000)
  region size 1024K, 3 young (3072K), 3 survivors (3072K)
 Metaspace       used 31491K, committed 31872K, reserved 1114112K
  class space    used 4191K, committed 4352K, reserved 1048576K
}
Event: 11.562 GC heap before
{Heap before GC invocations=13 (full 0):
 garbage-first heap   total 132096K, used 91403K [0x00000000c0000000, 0x0000000100000000)
  region size 1024K, 17 young (17408K), 3 survivors (3072K)
 Metaspace       used 31580K, committed 31936K, reserved 1114112K
  class space    used 4191K, committed 4352K, reserved 1048576K
}
Event: 11.587 GC heap after
{Heap after GC invocations=14 (full 0):
 garbage-first heap   total 132096K, used 82701K [0x00000000c0000000, 0x0000000100000000)
  region size 1024K, 3 young (3072K), 3 survivors (3072K)
 Metaspace       used 31580K, committed 31936K, reserved 1114112K
  class space    used 4191K, committed 4352K, reserved 1048576K
}
Event: 11.611 GC heap before
{Heap before GC invocations=14 (full 0):
 garbage-first heap   total 132096K, used 85773K [0x00000000c0000000, 0x0000000100000000)
  region size 1024K, 6 young (6144K), 3 survivors (3072K)
 Metaspace       used 31580K, committed 31936K, reserved 1114112K
  class space    used 4191K, committed 4352K, reserved 1048576K
}
Event: 11.619 GC heap after
{Heap after GC invocations=15 (full 0):
 garbage-first heap   total 132096K, used 83938K [0x00000000c0000000, 0x0000000100000000)
  region size 1024K, 1 young (1024K), 1 survivors (1024K)
 Metaspace       used 31580K, committed 31936K, reserved 1114112K
  class space    used 4191K, committed 4352K, reserved 1048576K
}
Event: 11.827 GC heap before
{Heap before GC invocations=15 (full 0):
 garbage-first heap   total 132096K, used 102370K [0x00000000c0000000, 0x0000000100000000)
  region size 1024K, 19 young (19456K), 1 survivors (1024K)
 Metaspace       used 31633K, committed 32000K, reserved 1114112K
  class space    used 4192K, committed 4352K, reserved 1048576K
}
Event: 11.838 GC heap after
{Heap after GC invocations=16 (full 0):
 garbage-first heap   total 132096K, used 90112K [0x00000000c0000000, 0x0000000100000000)
  region size 1024K, 3 young (3072K), 3 survivors (3072K)
 Metaspace       used 31633K, committed 32000K, reserved 1114112K
  class space    used 4192K, committed 4352K, reserved 1048576K
}

