# JRE version: Java(TM) SE Runtime Environment (19.0.1+10) (build 19.0.1+10-21)
# Java VM: Java HotSpot(TM) 64-Bit Server VM (19.0.1+10-21, mixed mode, sharing, tiered, compressed oops, compressed class ptrs, g1 gc, windows-amd64)
GC Precious Log:
 CardTable entry size: 512
 Card Set container configuration: InlinePtr #cards 5 size 8 Array Of Cards #cards 12 size 40 Howl #buckets 4 coarsen threshold 1843 Howl Bitmap #cards 512 size 80 coarsen threshold 460 Card regions per heap region 1 cards per card region 2048
 CPUs: 2 total, 2 available
 Memory: 4095M
 Large Page Support: Disabled
 NUMA Support: Disabled
 Compressed Oops: Enabled (32-bit)
 Heap Region Size: 1M
 Heap Min Capacity: 8M
 Heap Initial Capacity: 64M
 Heap Max Capacity: 1G
 Pre-touch: Disabled
 Parallel Workers: 2
 Concurrent Workers: 1
 Concurrent Refinement Workers: 2
 Periodic GC: Disabled
Heap:
 garbage-first heap   total 168960K, used 107520K [0x00000000c0000000, 0x0000000100000000)
  region size 1024K, 4 young (4096K), 4 survivors (4096K)
 Metaspace       used 33431K, committed 33856K, reserved 1114112K
  class space    used 4286K, committed 4480K, reserved 1048576K
GC Heap History (20 events):
Event: 7.651 GC heap after
{Heap after GC invocations=9 (full 0):
 garbage-first heap   total 105472K, used 68834K [0x00000000c0000000, 0x0000000100000000)
  region size 1024K, 1 young (1024K), 1 survivors (1024K)
 Metaspace       used 28761K, committed 29120K, reserved 1114112K
  class space    used 3780K, committed 3968K, reserved 1048576K
}
Event: 7.701 GC heap before
{Heap before GC invocations=9 (full 0):
 garbage-first heap   total 105472K, used 69858K [0x00000000c0000000, 0x0000000100000000)
  region size 1024K, 3 young (3072K), 1 survivors (1024K)
 Metaspace       used 28847K, committed 29248K, reserved 1114112K
  class space    used 3789K, committed 3968K, reserved 1048576K
}
Event: 7.702 GC heap after
{Heap after GC invocations=10 (full 0):
 garbage-first heap   total 105472K, used 68965K [0x00000000c0000000, 0x0000000100000000)
  region size 1024K, 1 young (1024K), 1 survivors (1024K)
 Metaspace       used 28847K, committed 29248K, reserved 1114112K
  class space    used 3789K, committed 3968K, reserved 1048576K
}
Event: 9.221 GC heap before
{Heap before GC invocations=11 (full 0):
 garbage-first heap   total 121856K, used 86373K [0x00000000c0000000, 0x0000000100000000)
  region size 1024K, 16 young (16384K), 1 survivors (1024K)
 Metaspace       used 31129K, committed 31488K, reserved 1114112K
  class space    used 4177K, committed 4352K, reserved 1048576K
}
Event: 9.226 GC heap after
{Heap after GC invocations=12 (full 0):
 garbage-first heap   total 121856K, used 73168K [0x00000000c0000000, 0x0000000100000000)
  region size 1024K, 2 young (2048K), 2 survivors (2048K)
 Metaspace       used 31129K, committed 31488K, reserved 1114112K
  class space    used 4177K, committed 4352K, reserved 1048576K
}
Event: 9.323 GC heap before
{Heap before GC invocations=12 (full 0):
 garbage-first heap   total 121856K, used 76240K [0x00000000c0000000, 0x0000000100000000)
  region size 1024K, 5 young (5120K), 2 survivors (2048K)
 Metaspace       used 31212K, committed 31552K, reserved 1114112K
  class space    used 4180K, committed 4352K, reserved 1048576K
}
Event: 9.328 GC heap after
{Heap after GC invocations=13 (full 0):
 garbage-first heap   total 121856K, used 74105K [0x00000000c0000000, 0x0000000100000000)
  region size 1024K, 1 young (1024K), 1 survivors (1024K)
 Metaspace       used 31212K, committed 31552K, reserved 1114112K
  class space    used 4180K, committed 4352K, reserved 1048576K
}
Event: 10.000 GC heap before
{Heap before GC invocations=13 (full 0):
 garbage-first heap   total 121856K, used 96633K [0x00000000c0000000, 0x0000000100000000)
  region size 1024K, 24 young (24576K), 1 survivors (1024K)
 Metaspace       used 31877K, committed 32256K, reserved 1114112K
  class space    used 4220K, committed 4416K, reserved 1048576K
}
Event: 10.012 GC heap after
{Heap after GC invocations=14 (full 0):
 garbage-first heap   total 121856K, used 81414K [0x00000000c0000000, 0x0000000100000000)
  region size 1024K, 3 young (3072K), 3 survivors (3072K)
 Metaspace       used 31877K, committed 32256K, reserved 1114112K
  class space    used 4220K, committed 4416K, reserved 1048576K
}
Event: 10.638 GC heap before
{Heap before GC invocations=15 (full 0):
 garbage-first heap   total 138240K, used 96774K [0x00000000c0000000, 0x0000000100000000)
  region size 1024K, 18 young (18432K), 3 survivors (3072K)
 Metaspace       used 32004K, committed 32384K, reserved 1114112K
  class space    used 4220K, committed 4416K, reserved 1048576K
}
Event: 10.652 GC heap after
{Heap after GC invocations=16 (full 0):
 garbage-first heap   total 138240K, used 87880K [0x00000000c0000000, 0x0000000100000000)
  region size 1024K, 3 young (3072K), 3 survivors (3072K)
 Metaspace       used 32004K, committed 32384K, reserved 1114112K
  class space    used 4220K, committed 4416K, reserved 1048576K
}
Event: 10.681 GC heap before
{Heap before GC invocations=16 (full 0):
 garbage-first heap   total 138240K, used 90952K [0x00000000c0000000, 0x0000000100000000)
  region size 1024K, 6 young (6144K), 3 survivors (3072K)
 Metaspace       used 32005K, committed 32384K, reserved 1114112K
  class space    used 4220K, committed 4416K, reserved 1048576K
}
Event: 10.698 GC heap after
{Heap after GC invocations=17 (full 0):
 garbage-first heap   total 138240K, used 88741K [0x00000000c0000000, 0x0000000100000000)
  region size 1024K, 1 young (1024K), 1 survivors (1024K)
 Metaspace       used 32005K, committed 32384K, reserved 1114112K
  class space    used 4220K, committed 4416K, reserved 1048576K
}
Event: 10.917 GC heap before
{Heap before GC invocations=17 (full 0):
 garbage-first heap   total 138240K, used 108197K [0x00000000c0000000, 0x0000000100000000)
  region size 1024K, 20 young (20480K), 1 survivors (1024K)
 Metaspace       used 32066K, committed 32448K, reserved 1114112K
  class space    used 4220K, committed 4416K, reserved 1048576K
}
Event: 10.932 GC heap after
{Heap after GC invocations=18 (full 0):
 garbage-first heap   total 138240K, used 96665K [0x00000000c0000000, 0x0000000100000000)
  region size 1024K, 3 young (3072K), 3 survivors (3072K)
 Metaspace       used 32066K, committed 32448K, reserved 1114112K
  class space    used 4220K, committed 4416K, reserved 1048576K
}
Event: 11.305 GC heap before
{Heap before GC invocations=19 (full 0):
 garbage-first heap   total 168960K, used 108953K [0x00000000c0000000, 0x0000000100000000)
  region size 1024K, 15 young (15360K), 3 survivors (3072K)
 Metaspace       used 32092K, committed 32448K, reserved 1114112K
  class space    used 4220K, committed 4416K, reserved 1048576K
}
Event: 11.331 GC heap after
{Heap after GC invocations=20 (full 0):
 garbage-first heap   total 168960K, used 101888K [0x00000000c0000000, 0x0000000100000000)
  region size 1024K, 2 young (2048K), 2 survivors (2048K)
 Metaspace       used 32092K, committed 32448K, reserved 1114112K
  class space    used 4220K, committed 4416K, reserved 1048576K
}
Event: 11.420 GC heap before
{Heap before GC invocations=20 (full 0):
 garbage-first heap   total 168960K, used 108032K [0x00000000c0000000, 0x0000000100000000)
  region size 1024K, 8 young (8192K), 2 survivors (2048K)
 Metaspace       used 32095K, committed 32448K, reserved 1114112K
  class space    used 4220K, committed 4416K, reserved 1048576K
}
Event: 11.457 GC heap after
{Heap after GC invocations=21 (full 0):
 garbage-first heap   total 168960K, used 103936K [0x00000000c0000000, 0x0000000100000000)
  region size 1024K, 1 young (1024K), 1 survivors (1024K)
 Metaspace       used 32095K, committed 32448K, reserved 1114112K
  class space    used 4220K, committed 4416K, reserved 1048576K
}
Event: 68.692 GC heap before
{Heap before GC invocations=21 (full 0):
 garbage-first heap   total 168960K, used 128512K [0x00000000c0000000, 0x0000000100000000)
  region size 1024K, 25 young (25600K), 1 survivors (1024K)
 Metaspace       used 33431K, committed 33856K, reserved 1114112K
  class space    used 4286K, committed 4480K, reserved 1048576K
}

