# JRE version: Java(TM) SE Runtime Environment (19.0.1+10) (build 19.0.1+10-21)
# Java VM: Java HotSpot(TM) 64-Bit Server VM (19.0.1+10-21, mixed mode, sharing, tiered, compressed oops, compressed class ptrs, g1 gc, windows-amd64)
GC Precious Log:
 CardTable entry size: 512
 Card Set container configuration: InlinePtr #cards 5 size 8 Array Of Cards #cards 12 size 40 Howl #buckets 4 coarsen threshold 1843 Howl Bitmap #cards 512 size 80 coarsen threshold 460 Card regions per heap region 1 cards per card region 2048
 CPUs: 2 total, 2 available
 Memory: 4095M
 Large Page Support: Disabled
 NUMA Support: Disabled
 Compressed Oops: Enabled (32-bit)
 Heap Region Size: 1M
 Heap Min Capacity: 8M
 Heap Initial Capacity: 64M
 Heap Max Capacity: 1G
 Pre-touch: Disabled
 Parallel Workers: 2
 Concurrent Workers: 1
 Concurrent Refinement Workers: 2
 Periodic GC: Disabled
Heap:
 garbage-first heap   total 164864K, used 110212K [0x00000000c0000000, 0x0000000100000000)
  region size 1024K, 23 young (23552K), 1 survivors (1024K)
 Metaspace       used 32279K, committed 32704K, reserved 1114112K
  class space    used 4211K, committed 4416K, reserved 1048576K
GC Heap History (20 events):
Event: 91.245 GC heap before
{Heap before GC invocations=4 (full 0):
 garbage-first heap   total 65536K, used 41665K [0x00000000c0000000, 0x0000000100000000)
  region size 1024K, 26 young (26624K), 4 survivors (4096K)
 Metaspace       used 18463K, committed 18816K, reserved 1114112K
  class space    used 2456K, committed 2624K, reserved 1048576K
}
Event: 91.253 GC heap after
{Heap after GC invocations=5 (full 0):
 garbage-first heap   total 65536K, used 22531K [0x00000000c0000000, 0x0000000100000000)
  region size 1024K, 3 young (3072K), 3 survivors (3072K)
 Metaspace       used 18463K, committed 18816K, reserved 1114112K
  class space    used 2456K, committed 2624K, reserved 1048576K
}
Event: 91.504 GC heap before
{Heap before GC invocations=5 (full 0):
 garbage-first heap   total 65536K, used 27651K [0x00000000c0000000, 0x0000000100000000)
  region size 1024K, 10 young (10240K), 3 survivors (3072K)
 Metaspace       used 21113K, committed 21504K, reserved 1114112K
  class space    used 2726K, committed 2944K, reserved 1048576K
}
Event: 91.510 GC heap after
{Heap after GC invocations=6 (full 0):
 garbage-first heap   total 65536K, used 23676K [0x00000000c0000000, 0x0000000100000000)
  region size 1024K, 2 young (2048K), 2 survivors (2048K)
 Metaspace       used 21113K, committed 21504K, reserved 1114112K
  class space    used 2726K, committed 2944K, reserved 1048576K
}
Event: 92.501 GC heap before
{Heap before GC invocations=7 (full 0):
 garbage-first heap   total 65536K, used 43132K [0x00000000c0000000, 0x0000000100000000)
  region size 1024K, 22 young (22528K), 2 survivors (2048K)
 Metaspace       used 28398K, committed 28864K, reserved 1114112K
  class space    used 3680K, committed 3904K, reserved 1048576K
}
Event: 92.506 GC heap after
{Heap after GC invocations=8 (full 0):
 garbage-first heap   total 65536K, used 28152K [0x00000000c0000000, 0x0000000100000000)
  region size 1024K, 3 young (3072K), 3 survivors (3072K)
 Metaspace       used 28398K, committed 28864K, reserved 1114112K
  class space    used 3680K, committed 3904K, reserved 1048576K
}
Event: 92.715 GC heap before
{Heap before GC invocations=8 (full 0):
 garbage-first heap   total 105472K, used 69112K [0x00000000c0000000, 0x0000000100000000)
  region size 1024K, 4 young (4096K), 3 survivors (3072K)
 Metaspace       used 28439K, committed 28864K, reserved 1114112K
  class space    used 3682K, committed 3904K, reserved 1048576K
}
Event: 92.723 GC heap after
{Heap after GC invocations=9 (full 0):
 garbage-first heap   total 105472K, used 68506K [0x00000000c0000000, 0x0000000100000000)
  region size 1024K, 1 young (1024K), 1 survivors (1024K)
 Metaspace       used 28439K, committed 28864K, reserved 1114112K
  class space    used 3682K, committed 3904K, reserved 1048576K
}
Event: 92.840 GC heap before
{Heap before GC invocations=9 (full 0):
 garbage-first heap   total 105472K, used 72602K [0x00000000c0000000, 0x0000000100000000)
  region size 1024K, 6 young (6144K), 1 survivors (1024K)
 Metaspace       used 29032K, committed 29376K, reserved 1114112K
  class space    used 3781K, committed 3968K, reserved 1048576K
}
Event: 92.843 GC heap after
{Heap after GC invocations=10 (full 0):
 garbage-first heap   total 105472K, used 68935K [0x00000000c0000000, 0x0000000100000000)
  region size 1024K, 1 young (1024K), 1 survivors (1024K)
 Metaspace       used 29032K, committed 29376K, reserved 1114112K
  class space    used 3781K, committed 3968K, reserved 1048576K
}
Event: 93.585 GC heap before
{Heap before GC invocations=11 (full 0):
 garbage-first heap   total 121856K, used 85319K [0x00000000c0000000, 0x0000000100000000)
  region size 1024K, 15 young (15360K), 1 survivors (1024K)
 Metaspace       used 30912K, committed 31296K, reserved 1114112K
  class space    used 4098K, committed 4288K, reserved 1048576K
}
Event: 93.592 GC heap after
{Heap after GC invocations=12 (full 0):
 garbage-first heap   total 121856K, used 73254K [0x00000000c0000000, 0x0000000100000000)
  region size 1024K, 2 young (2048K), 2 survivors (2048K)
 Metaspace       used 30912K, committed 31296K, reserved 1114112K
  class space    used 4098K, committed 4288K, reserved 1048576K
}
Event: 93.892 GC heap before
{Heap before GC invocations=12 (full 0):
 garbage-first heap   total 121856K, used 76326K [0x00000000c0000000, 0x0000000100000000)
  region size 1024K, 5 young (5120K), 2 survivors (2048K)
 Metaspace       used 31503K, committed 31872K, reserved 1114112K
  class space    used 4202K, committed 4416K, reserved 1048576K
}
Event: 93.900 GC heap after
{Heap after GC invocations=13 (full 0):
 garbage-first heap   total 121856K, used 73700K [0x00000000c0000000, 0x0000000100000000)
  region size 1024K, 1 young (1024K), 1 survivors (1024K)
 Metaspace       used 31503K, committed 31872K, reserved 1114112K
  class space    used 4202K, committed 4416K, reserved 1048576K
}
Event: 94.469 GC heap before
{Heap before GC invocations=13 (full 0):
 garbage-first heap   total 121856K, used 95204K [0x00000000c0000000, 0x0000000100000000)
  region size 1024K, 23 young (23552K), 1 survivors (1024K)
 Metaspace       used 32095K, committed 32512K, reserved 1114112K
  class space    used 4210K, committed 4416K, reserved 1048576K
}
Event: 94.490 GC heap after
{Heap after GC invocations=14 (full 0):
 garbage-first heap   total 121856K, used 80896K [0x00000000c0000000, 0x0000000100000000)
  region size 1024K, 3 young (3072K), 3 survivors (3072K)
 Metaspace       used 32095K, committed 32512K, reserved 1114112K
  class space    used 4210K, committed 4416K, reserved 1048576K
}
Event: 94.939 GC heap before
{Heap before GC invocations=15 (full 0):
 garbage-first heap   total 137216K, used 96256K [0x00000000c0000000, 0x0000000100000000)
  region size 1024K, 18 young (18432K), 3 survivors (3072K)
 Metaspace       used 32176K, committed 32576K, reserved 1114112K
  class space    used 4210K, committed 4416K, reserved 1048576K
}
Event: 94.954 GC heap after
{Heap after GC invocations=16 (full 0):
 garbage-first heap   total 164864K, used 86774K [0x00000000c0000000, 0x0000000100000000)
  region size 1024K, 3 young (3072K), 3 survivors (3072K)
 Metaspace       used 32176K, committed 32576K, reserved 1114112K
  class space    used 4210K, committed 4416K, reserved 1048576K
}
Event: 95.043 GC heap before
{Heap before GC invocations=16 (full 0):
 garbage-first heap   total 164864K, used 91894K [0x00000000c0000000, 0x0000000100000000)
  region size 1024K, 8 young (8192K), 3 survivors (3072K)
 Metaspace       used 32219K, committed 32640K, reserved 1114112K
  class space    used 4210K, committed 4416K, reserved 1048576K
}
Event: 95.067 GC heap after
{Heap after GC invocations=17 (full 0):
 garbage-first heap   total 164864K, used 88708K [0x00000000c0000000, 0x0000000100000000)
  region size 1024K, 1 young (1024K), 1 survivors (1024K)
 Metaspace       used 32219K, committed 32640K, reserved 1114112K
  class space    used 4210K, committed 4416K, reserved 1048576K
}

