# JRE version: Java(TM) SE Runtime Environment (19.0.1+10) (build 19.0.1+10-21)
# Java VM: Java HotSpot(TM) 64-Bit Server VM (19.0.1+10-21, mixed mode, sharing, tiered, compressed oops, compressed class ptrs, g1 gc, windows-amd64)
GC Precious Log:
 CardTable entry size: 512
 Card Set container configuration: InlinePtr #cards 5 size 8 Array Of Cards #cards 12 size 40 Howl #buckets 4 coarsen threshold 1843 Howl Bitmap #cards 512 size 80 coarsen threshold 460 Card regions per heap region 1 cards per card region 2048
 CPUs: 2 total, 2 available
 Memory: 4095M
 Large Page Support: Disabled
 NUMA Support: Disabled
 Compressed Oops: Enabled (32-bit)
 Heap Region Size: 1M
 Heap Min Capacity: 8M
 Heap Initial Capacity: 64M
 Heap Max Capacity: 1G
 Pre-touch: Disabled
 Parallel Workers: 2
 Concurrent Workers: 1
 Concurrent Refinement Workers: 2
 Periodic GC: Disabled
Heap:
 garbage-first heap   total 227328K, used 85786K [0x00000000c0000000, 0x0000000100000000)
  region size 1024K, 14 young (14336K), 1 survivors (1024K)
 Metaspace       used 32406K, committed 32768K, reserved 1114112K
  class space    used 4243K, committed 4416K, reserved 1048576K
GC Heap History (20 events):
Event: 0.987 GC heap before
{Heap before GC invocations=1 (full 0):
 garbage-first heap   total 65536K, used 6820K [0x00000000c0000000, 0x0000000100000000)
  region size 1024K, 8 young (8192K), 1 survivors (1024K)
 Metaspace       used 2788K, committed 2944K, reserved 1114112K
  class space    used 283K, committed 320K, reserved 1048576K
}
Event: 0.991 GC heap after
{Heap after GC invocations=2 (full 0):
 garbage-first heap   total 65536K, used 2933K [0x00000000c0000000, 0x0000000100000000)
  region size 1024K, 1 young (1024K), 1 survivors (1024K)
 Metaspace       used 2788K, committed 2944K, reserved 1114112K
  class space    used 283K, committed 320K, reserved 1048576K
}
Event: 1.375 GC heap before
{Heap before GC invocations=2 (full 0):
 garbage-first heap   total 65536K, used 12149K [0x00000000c0000000, 0x0000000100000000)
  region size 1024K, 11 young (11264K), 1 survivors (1024K)
 Metaspace       used 6916K, committed 7168K, reserved 1114112K
  class space    used 806K, committed 960K, reserved 1048576K
}
Event: 1.378 GC heap after
{Heap after GC invocations=3 (full 0):
 garbage-first heap   total 65536K, used 4341K [0x00000000c0000000, 0x0000000100000000)
  region size 1024K, 2 young (2048K), 2 survivors (2048K)
 Metaspace       used 6916K, committed 7168K, reserved 1114112K
  class space    used 806K, committed 960K, reserved 1048576K
}
Event: 2.042 GC heap before
{Heap before GC invocations=3 (full 0):
 garbage-first heap   total 65536K, used 22773K [0x00000000c0000000, 0x0000000100000000)
  region size 1024K, 16 young (16384K), 2 survivors (2048K)
 Metaspace       used 10496K, committed 10752K, reserved 1114112K
  class space    used 1422K, committed 1536K, reserved 1048576K
}
Event: 2.049 GC heap after
{Heap after GC invocations=4 (full 0):
 garbage-first heap   total 65536K, used 12286K [0x00000000c0000000, 0x0000000100000000)
  region size 1024K, 2 young (2048K), 2 survivors (2048K)
 Metaspace       used 10496K, committed 10752K, reserved 1114112K
  class space    used 1422K, committed 1536K, reserved 1048576K
}
Event: 5.103 GC heap before
{Heap before GC invocations=4 (full 0):
 garbage-first heap   total 65536K, used 39934K [0x00000000c0000000, 0x0000000100000000)
  region size 1024K, 27 young (27648K), 2 survivors (2048K)
 Metaspace       used 18495K, committed 18816K, reserved 1114112K
  class space    used 2479K, committed 2624K, reserved 1048576K
}
Event: 5.112 GC heap after
{Heap after GC invocations=5 (full 0):
 garbage-first heap   total 65536K, used 16966K [0x00000000c0000000, 0x0000000100000000)
  region size 1024K, 4 young (4096K), 4 survivors (4096K)
 Metaspace       used 18495K, committed 18816K, reserved 1114112K
  class space    used 2479K, committed 2624K, reserved 1048576K
}
Event: 5.442 GC heap before
{Heap before GC invocations=5 (full 0):
 garbage-first heap   total 65536K, used 22086K [0x00000000c0000000, 0x0000000100000000)
  region size 1024K, 11 young (11264K), 4 survivors (4096K)
 Metaspace       used 21126K, committed 21504K, reserved 1114112K
  class space    used 2746K, committed 2944K, reserved 1048576K
}
Event: 5.450 GC heap after
{Heap after GC invocations=6 (full 0):
 garbage-first heap   total 65536K, used 18333K [0x00000000c0000000, 0x0000000100000000)
  region size 1024K, 2 young (2048K), 2 survivors (2048K)
 Metaspace       used 21126K, committed 21504K, reserved 1114112K
  class space    used 2746K, committed 2944K, reserved 1048576K
}
Event: 8.027 GC heap before
{Heap before GC invocations=7 (full 0):
 garbage-first heap   total 105472K, used 82845K [0x00000000c0000000, 0x0000000100000000)
  region size 1024K, 27 young (27648K), 2 survivors (2048K)
 Metaspace       used 29137K, committed 29568K, reserved 1114112K
  class space    used 3830K, committed 4032K, reserved 1048576K
}
Event: 8.036 GC heap after
{Heap after GC invocations=8 (full 0):
 garbage-first heap   total 105472K, used 63783K [0x00000000c0000000, 0x0000000100000000)
  region size 1024K, 4 young (4096K), 4 survivors (4096K)
 Metaspace       used 29137K, committed 29568K, reserved 1114112K
  class space    used 3830K, committed 4032K, reserved 1048576K
}
Event: 8.066 GC heap before
{Heap before GC invocations=8 (full 0):
 garbage-first heap   total 105472K, used 64807K [0x00000000c0000000, 0x0000000100000000)
  region size 1024K, 5 young (5120K), 4 survivors (4096K)
 Metaspace       used 29227K, committed 29632K, reserved 1114112K
  class space    used 3830K, committed 4032K, reserved 1048576K
}
Event: 8.078 GC heap after
{Heap after GC invocations=9 (full 0):
 garbage-first heap   total 105472K, used 64407K [0x00000000c0000000, 0x0000000100000000)
  region size 1024K, 1 young (1024K), 1 survivors (1024K)
 Metaspace       used 29227K, committed 29632K, reserved 1114112K
  class space    used 3830K, committed 4032K, reserved 1048576K
}
Event: 8.909 GC heap before
{Heap before GC invocations=9 (full 0):
 garbage-first heap   total 105472K, used 81815K [0x00000000c0000000, 0x0000000100000000)
  region size 1024K, 18 young (18432K), 1 survivors (1024K)
 Metaspace       used 31411K, committed 31808K, reserved 1114112K
  class space    used 4204K, committed 4416K, reserved 1048576K
}
Event: 8.919 GC heap after
{Heap after GC invocations=10 (full 0):
 garbage-first heap   total 105472K, used 68004K [0x00000000c0000000, 0x0000000100000000)
  region size 1024K, 3 young (3072K), 3 survivors (3072K)
 Metaspace       used 31411K, committed 31808K, reserved 1114112K
  class space    used 4204K, committed 4416K, reserved 1048576K
}
Event: 9.428 GC heap before
{Heap before GC invocations=11 (full 0):
 garbage-first heap   total 116736K, used 82340K [0x00000000c0000000, 0x0000000100000000)
  region size 1024K, 17 young (17408K), 3 survivors (3072K)
 Metaspace       used 31676K, committed 32064K, reserved 1114112K
  class space    used 4208K, committed 4416K, reserved 1048576K
}
Event: 9.441 GC heap after
{Heap after GC invocations=12 (full 0):
 garbage-first heap   total 116736K, used 73017K [0x00000000c0000000, 0x0000000100000000)
  region size 1024K, 3 young (3072K), 3 survivors (3072K)
 Metaspace       used 31676K, committed 32064K, reserved 1114112K
  class space    used 4208K, committed 4416K, reserved 1048576K
}
Event: 9.494 GC heap before
{Heap before GC invocations=12 (full 0):
 garbage-first heap   total 116736K, used 75065K [0x00000000c0000000, 0x0000000100000000)
  region size 1024K, 5 young (5120K), 3 survivors (3072K)
 Metaspace       used 31679K, committed 32064K, reserved 1114112K
  class space    used 4208K, committed 4416K, reserved 1048576K
}
Event: 9.513 GC heap after
{Heap after GC invocations=13 (full 0):
 garbage-first heap   total 227328K, used 73498K [0x00000000c0000000, 0x0000000100000000)
  region size 1024K, 1 young (1024K), 1 survivors (1024K)
 Metaspace       used 31679K, committed 32064K, reserved 1114112K
  class space    used 4208K, committed 4416K, reserved 1048576K
}

