# JRE version: Java(TM) SE Runtime Environment (19.0.1+10) (build 19.0.1+10-21)
# Java VM: Java HotSpot(TM) 64-Bit Server VM (19.0.1+10-21, mixed mode, sharing, tiered, compressed oops, compressed class ptrs, g1 gc, windows-amd64)
GC Precious Log:
 CardTable entry size: 512
 Card Set container configuration: InlinePtr #cards 5 size 8 Array Of Cards #cards 12 size 40 Howl #buckets 4 coarsen threshold 1843 Howl Bitmap #cards 512 size 80 coarsen threshold 460 Card regions per heap region 1 cards per card region 2048
 CPUs: 2 total, 2 available
 Memory: 4095M
 Large Page Support: Disabled
 NUMA Support: Disabled
 Compressed Oops: Enabled (32-bit)
 Heap Region Size: 1M
 Heap Min Capacity: 8M
 Heap Initial Capacity: 64M
 Heap Max Capacity: 1G
 Pre-touch: Disabled
 Parallel Workers: 2
 Concurrent Workers: 1
 Concurrent Refinement Workers: 2
 Periodic GC: Disabled
Heap:
 garbage-first heap   total 171008K, used 111081K [0x00000000c0000000, 0x0000000100000000)
  region size 1024K, 4 young (4096K), 4 survivors (4096K)
 Metaspace       used 33009K, committed 33344K, reserved 1114112K
  class space    used 4264K, committed 4416K, reserved 1048576K
GC Heap History (20 events):
Event: 8.035 GC heap after
{Heap after GC invocations=8 (full 0):
 garbage-first heap   total 105472K, used 65501K [0x00000000c0000000, 0x0000000100000000)
  region size 1024K, 1 young (1024K), 1 survivors (1024K)
 Metaspace       used 28701K, committed 29056K, reserved 1114112K
  class space    used 3800K, committed 3968K, reserved 1048576K
}
Event: 8.766 GC heap before
{Heap before GC invocations=8 (full 0):
 garbage-first heap   total 105472K, used 83933K [0x00000000c0000000, 0x0000000100000000)
  region size 1024K, 19 young (19456K), 1 survivors (1024K)
 Metaspace       used 31154K, committed 31488K, reserved 1114112K
  class space    used 4201K, committed 4352K, reserved 1048576K
}
Event: 8.775 GC heap after
{Heap after GC invocations=9 (full 0):
 garbage-first heap   total 105472K, used 68564K [0x00000000c0000000, 0x0000000100000000)
  region size 1024K, 3 young (3072K), 3 survivors (3072K)
 Metaspace       used 31154K, committed 31488K, reserved 1114112K
  class space    used 4201K, committed 4352K, reserved 1048576K
}
Event: 9.130 GC heap before
{Heap before GC invocations=10 (full 0):
 garbage-first heap   total 116736K, used 83924K [0x00000000c0000000, 0x0000000100000000)
  region size 1024K, 18 young (18432K), 3 survivors (3072K)
 Metaspace       used 31547K, committed 31872K, reserved 1114112K
  class space    used 4207K, committed 4352K, reserved 1048576K
}
Event: 9.142 GC heap after
{Heap after GC invocations=11 (full 0):
 garbage-first heap   total 116736K, used 73375K [0x00000000c0000000, 0x0000000100000000)
  region size 1024K, 3 young (3072K), 3 survivors (3072K)
 Metaspace       used 31547K, committed 31872K, reserved 1114112K
  class space    used 4207K, committed 4352K, reserved 1048576K
}
Event: 9.237 GC heap before
{Heap before GC invocations=11 (full 0):
 garbage-first heap   total 116736K, used 74399K [0x00000000c0000000, 0x0000000100000000)
  region size 1024K, 5 young (5120K), 3 survivors (3072K)
 Metaspace       used 31612K, committed 32000K, reserved 1114112K
  class space    used 4210K, committed 4352K, reserved 1048576K
}
Event: 9.246 GC heap after
{Heap after GC invocations=12 (full 0):
 garbage-first heap   total 159744K, used 74484K [0x00000000c0000000, 0x0000000100000000)
  region size 1024K, 1 young (1024K), 1 survivors (1024K)
 Metaspace       used 31612K, committed 32000K, reserved 1114112K
  class space    used 4210K, committed 4352K, reserved 1048576K
}
Event: 9.847 GC heap before
{Heap before GC invocations=12 (full 0):
 garbage-first heap   total 159744K, used 116468K [0x00000000c0000000, 0x0000000100000000)
  region size 1024K, 42 young (43008K), 1 survivors (1024K)
 Metaspace       used 31813K, committed 32128K, reserved 1114112K
  class space    used 4210K, committed 4352K, reserved 1048576K
}
Event: 9.869 GC heap after
{Heap after GC invocations=13 (full 0):
 garbage-first heap   total 159744K, used 90476K [0x00000000c0000000, 0x0000000100000000)
  region size 1024K, 6 young (6144K), 6 survivors (6144K)
 Metaspace       used 31813K, committed 32128K, reserved 1114112K
  class space    used 4210K, committed 4352K, reserved 1048576K
}
Event: 13.855 GC heap before
{Heap before GC invocations=14 (full 0):
 garbage-first heap   total 159744K, used 119148K [0x00000000c0000000, 0x0000000100000000)
  region size 1024K, 34 young (34816K), 6 survivors (6144K)
 Metaspace       used 32766K, committed 33152K, reserved 1114112K
  class space    used 4257K, committed 4416K, reserved 1048576K
}
Event: 13.877 GC heap after
{Heap after GC invocations=15 (full 0):
 garbage-first heap   total 159744K, used 98304K [0x00000000c0000000, 0x0000000100000000)
  region size 1024K, 5 young (5120K), 5 survivors (5120K)
 Metaspace       used 32766K, committed 33152K, reserved 1114112K
  class space    used 4257K, committed 4416K, reserved 1048576K
}
Event: 13.889 GC heap before
{Heap before GC invocations=15 (full 0):
 garbage-first heap   total 159744K, used 100352K [0x00000000c0000000, 0x0000000100000000)
  region size 1024K, 7 young (7168K), 5 survivors (5120K)
 Metaspace       used 32767K, committed 33152K, reserved 1114112K
  class space    used 4257K, committed 4416K, reserved 1048576K
}
Event: 13.899 GC heap after
{Heap after GC invocations=16 (full 0):
 garbage-first heap   total 159744K, used 99328K [0x00000000c0000000, 0x0000000100000000)
  region size 1024K, 1 young (1024K), 1 survivors (1024K)
 Metaspace       used 32767K, committed 33152K, reserved 1114112K
  class space    used 4257K, committed 4416K, reserved 1048576K
}
Event: 14.699 GC heap before
{Heap before GC invocations=16 (full 0):
 garbage-first heap   total 159744K, used 123904K [0x00000000c0000000, 0x0000000100000000)
  region size 1024K, 25 young (25600K), 1 survivors (1024K)
 Metaspace       used 32866K, committed 33216K, reserved 1114112K
  class space    used 4257K, committed 4416K, reserved 1048576K
}
Event: 14.722 GC heap after
{Heap after GC invocations=17 (full 0):
 garbage-first heap   total 159744K, used 104960K [0x00000000c0000000, 0x0000000100000000)
  region size 1024K, 4 young (4096K), 4 survivors (4096K)
 Metaspace       used 32866K, committed 33216K, reserved 1114112K
  class space    used 4257K, committed 4416K, reserved 1048576K
}
Event: 15.604 GC heap before
{Heap before GC invocations=18 (full 0):
 garbage-first heap   total 171008K, used 121344K [0x00000000c0000000, 0x0000000100000000)
  region size 1024K, 25 young (25600K), 4 survivors (4096K)
 Metaspace       used 32903K, committed 33280K, reserved 1114112K
  class space    used 4257K, committed 4416K, reserved 1048576K
}
Event: 15.622 GC heap after
{Heap after GC invocations=19 (full 0):
 garbage-first heap   total 171008K, used 105418K [0x00000000c0000000, 0x0000000100000000)
  region size 1024K, 4 young (4096K), 4 survivors (4096K)
 Metaspace       used 32903K, committed 33280K, reserved 1114112K
  class space    used 4257K, committed 4416K, reserved 1048576K
}
Event: 15.669 GC heap before
{Heap before GC invocations=19 (full 0):
 garbage-first heap   total 171008K, used 109514K [0x00000000c0000000, 0x0000000100000000)
  region size 1024K, 8 young (8192K), 4 survivors (4096K)
 Metaspace       used 32907K, committed 33280K, reserved 1114112K
  class space    used 4257K, committed 4416K, reserved 1048576K
}
Event: 15.678 GC heap after
{Heap after GC invocations=20 (full 0):
 garbage-first heap   total 171008K, used 105236K [0x00000000c0000000, 0x0000000100000000)
  region size 1024K, 1 young (1024K), 1 survivors (1024K)
 Metaspace       used 32907K, committed 33280K, reserved 1114112K
  class space    used 4257K, committed 4416K, reserved 1048576K
}
Event: 15.909 GC heap before
{Heap before GC invocations=20 (full 0):
 garbage-first heap   total 171008K, used 132884K [0x00000000c0000000, 0x0000000100000000)
  region size 1024K, 28 young (28672K), 1 survivors (1024K)
 Metaspace       used 33009K, committed 33344K, reserved 1114112K
  class space    used 4264K, committed 4416K, reserved 1048576K
}

