# JRE version: Java(TM) SE Runtime Environment (19.0.1+10) (build 19.0.1+10-21)
# Java VM: Java HotSpot(TM) 64-Bit Server VM (19.0.1+10-21, mixed mode, sharing, tiered, compressed oops, compressed class ptrs, g1 gc, windows-amd64)
GC Precious Log:
 CardTable entry size: 512
 Card Set container configuration: InlinePtr #cards 5 size 8 Array Of Cards #cards 12 size 40 Howl #buckets 4 coarsen threshold 1843 Howl Bitmap #cards 512 size 80 coarsen threshold 460 Card regions per heap region 1 cards per card region 2048
 CPUs: 2 total, 2 available
 Memory: 4095M
 Large Page Support: Disabled
 NUMA Support: Disabled
 Compressed Oops: Enabled (32-bit)
 Heap Region Size: 1M
 Heap Min Capacity: 8M
 Heap Initial Capacity: 64M
 Heap Max Capacity: 1G
 Pre-touch: Disabled
 Parallel Workers: 2
 Concurrent Workers: 1
 Concurrent Refinement Workers: 2
 Periodic GC: Disabled
Heap:
 garbage-first heap   total 161792K, used 114670K [0x00000000c0000000, 0x0000000100000000)
  region size 1024K, 19 young (19456K), 1 survivors (1024K)
 Metaspace       used 33152K, committed 33536K, reserved 1114112K
  class space    used 4292K, committed 4480K, reserved 1048576K
GC Heap History (20 events):
Event: 6.569 GC heap before
{Heap before GC invocations=4 (full 0):
 garbage-first heap   total 65536K, used 41253K [0x00000000c0000000, 0x0000000100000000)
  region size 1024K, 25 young (25600K), 4 survivors (4096K)
 Metaspace       used 20547K, committed 20928K, reserved 1114112K
  class space    used 2705K, committed 2880K, reserved 1048576K
}
Event: 6.578 GC heap after
{Heap after GC invocations=5 (full 0):
 garbage-first heap   total 65536K, used 23374K [0x00000000c0000000, 0x0000000100000000)
  region size 1024K, 3 young (3072K), 3 survivors (3072K)
 Metaspace       used 20547K, committed 20928K, reserved 1114112K
  class space    used 2705K, committed 2880K, reserved 1048576K
}
Event: 6.639 GC heap before
{Heap before GC invocations=5 (full 0):
 garbage-first heap   total 65536K, used 23374K [0x00000000c0000000, 0x0000000100000000)
  region size 1024K, 5 young (5120K), 3 survivors (3072K)
 Metaspace       used 21181K, committed 21504K, reserved 1114112K
  class space    used 2774K, committed 2944K, reserved 1048576K
}
Event: 6.643 GC heap after
{Heap after GC invocations=6 (full 0):
 garbage-first heap   total 65536K, used 23758K [0x00000000c0000000, 0x0000000100000000)
  region size 1024K, 1 young (1024K), 1 survivors (1024K)
 Metaspace       used 21181K, committed 21504K, reserved 1114112K
  class space    used 2774K, committed 2944K, reserved 1048576K
}
Event: 7.647 GC heap before
{Heap before GC invocations=7 (full 0):
 garbage-first heap   total 105472K, used 84174K [0x00000000c0000000, 0x0000000100000000)
  region size 1024K, 22 young (22528K), 1 survivors (1024K)
 Metaspace       used 28432K, committed 28864K, reserved 1114112K
  class space    used 3714K, committed 3904K, reserved 1048576K
}
Event: 7.653 GC heap after
{Heap after GC invocations=8 (full 0):
 garbage-first heap   total 105472K, used 68930K [0x00000000c0000000, 0x0000000100000000)
  region size 1024K, 3 young (3072K), 3 survivors (3072K)
 Metaspace       used 28432K, committed 28864K, reserved 1114112K
  class space    used 3714K, committed 3904K, reserved 1048576K
}
Event: 7.711 GC heap before
{Heap before GC invocations=8 (full 0):
 garbage-first heap   total 105472K, used 70978K [0x00000000c0000000, 0x0000000100000000)
  region size 1024K, 5 young (5120K), 3 survivors (3072K)
 Metaspace       used 28872K, committed 29248K, reserved 1114112K
  class space    used 3790K, committed 3968K, reserved 1048576K
}
Event: 7.715 GC heap after
{Heap after GC invocations=9 (full 0):
 garbage-first heap   total 105472K, used 69027K [0x00000000c0000000, 0x0000000100000000)
  region size 1024K, 1 young (1024K), 1 survivors (1024K)
 Metaspace       used 28872K, committed 29248K, reserved 1114112K
  class space    used 3790K, committed 3968K, reserved 1048576K
}
Event: 7.801 GC heap before
{Heap before GC invocations=9 (full 0):
 garbage-first heap   total 105472K, used 71075K [0x00000000c0000000, 0x0000000100000000)
  region size 1024K, 4 young (4096K), 1 survivors (1024K)
 Metaspace       used 29021K, committed 29440K, reserved 1114112K
  class space    used 3806K, committed 4032K, reserved 1048576K
}
Event: 7.803 GC heap after
{Heap after GC invocations=10 (full 0):
 garbage-first heap   total 105472K, used 69264K [0x00000000c0000000, 0x0000000100000000)
  region size 1024K, 1 young (1024K), 1 survivors (1024K)
 Metaspace       used 29021K, committed 29440K, reserved 1114112K
  class space    used 3806K, committed 4032K, reserved 1048576K
}
Event: 8.624 GC heap before
{Heap before GC invocations=11 (full 0):
 garbage-first heap   total 117760K, used 85648K [0x00000000c0000000, 0x0000000100000000)
  region size 1024K, 15 young (15360K), 1 survivors (1024K)
 Metaspace       used 31004K, committed 31488K, reserved 1114112K
  class space    used 4124K, committed 4352K, reserved 1048576K
}
Event: 8.629 GC heap after
{Heap after GC invocations=12 (full 0):
 garbage-first heap   total 117760K, used 73536K [0x00000000c0000000, 0x0000000100000000)
  region size 1024K, 2 young (2048K), 2 survivors (2048K)
 Metaspace       used 31004K, committed 31488K, reserved 1114112K
  class space    used 4124K, committed 4352K, reserved 1048576K
}
Event: 8.722 GC heap before
{Heap before GC invocations=12 (full 0):
 garbage-first heap   total 117760K, used 76608K [0x00000000c0000000, 0x0000000100000000)
  region size 1024K, 5 young (5120K), 2 survivors (2048K)
 Metaspace       used 31576K, committed 32000K, reserved 1114112K
  class space    used 4228K, committed 4416K, reserved 1048576K
}
Event: 8.731 GC heap after
{Heap after GC invocations=13 (full 0):
 garbage-first heap   total 117760K, used 73608K [0x00000000c0000000, 0x0000000100000000)
  region size 1024K, 1 young (1024K), 1 survivors (1024K)
 Metaspace       used 31576K, committed 32000K, reserved 1114112K
  class space    used 4228K, committed 4416K, reserved 1048576K
}
Event: 9.155 GC heap before
{Heap before GC invocations=13 (full 0):
 garbage-first heap   total 117760K, used 94088K [0x00000000c0000000, 0x0000000100000000)
  region size 1024K, 21 young (21504K), 1 survivors (1024K)
 Metaspace       used 32041K, committed 32384K, reserved 1114112K
  class space    used 4234K, committed 4416K, reserved 1048576K
}
Event: 9.166 GC heap after
{Heap after GC invocations=14 (full 0):
 garbage-first heap   total 161792K, used 80058K [0x00000000c0000000, 0x0000000100000000)
  region size 1024K, 3 young (3072K), 3 survivors (3072K)
 Metaspace       used 32041K, committed 32384K, reserved 1114112K
  class space    used 4234K, committed 4416K, reserved 1048576K
}
Event: 9.832 GC heap before
{Heap before GC invocations=15 (full 0):
 garbage-first heap   total 161792K, used 122042K [0x00000000c0000000, 0x0000000100000000)
  region size 1024K, 44 young (45056K), 3 survivors (3072K)
 Metaspace       used 32249K, committed 32640K, reserved 1114112K
  class space    used 4236K, committed 4416K, reserved 1048576K
}
Event: 9.859 GC heap after
{Heap after GC invocations=16 (full 0):
 garbage-first heap   total 161792K, used 96196K [0x00000000c0000000, 0x0000000100000000)
  region size 1024K, 6 young (6144K), 6 survivors (6144K)
 Metaspace       used 32249K, committed 32640K, reserved 1114112K
  class space    used 4236K, committed 4416K, reserved 1048576K
}
Event: 9.864 GC heap before
{Heap before GC invocations=16 (full 0):
 garbage-first heap   total 161792K, used 97220K [0x00000000c0000000, 0x0000000100000000)
  region size 1024K, 7 young (7168K), 6 survivors (6144K)
 Metaspace       used 32249K, committed 32640K, reserved 1114112K
  class space    used 4236K, committed 4416K, reserved 1048576K
}
Event: 9.873 GC heap after
{Heap after GC invocations=17 (full 0):
 garbage-first heap   total 161792K, used 97262K [0x00000000c0000000, 0x0000000100000000)
  region size 1024K, 1 young (1024K), 1 survivors (1024K)
 Metaspace       used 32249K, committed 32640K, reserved 1114112K
  class space    used 4236K, committed 4416K, reserved 1048576K
}

