# JRE version: Java(TM) SE Runtime Environment (19.0.1+10) (build 19.0.1+10-21)
# Java VM: Java HotSpot(TM) 64-Bit Server VM (19.0.1+10-21, mixed mode, sharing, tiered, compressed oops, compressed class ptrs, g1 gc, windows-amd64)
GC Precious Log:
 CardTable entry size: 512
 Card Set container configuration: InlinePtr #cards 5 size 8 Array Of Cards #cards 12 size 40 Howl #buckets 4 coarsen threshold 1843 Howl Bitmap #cards 512 size 80 coarsen threshold 460 Card regions per heap region 1 cards per card region 2048
 CPUs: 2 total, 2 available
 Memory: 4095M
 Large Page Support: Disabled
 NUMA Support: Disabled
 Compressed Oops: Enabled (32-bit)
 Heap Region Size: 1M
 Heap Min Capacity: 8M
 Heap Initial Capacity: 64M
 Heap Max Capacity: 1G
 Pre-touch: Disabled
 Parallel Workers: 2
 Concurrent Workers: 1
 Concurrent Refinement Workers: 2
 Periodic GC: Disabled
Heap:
 garbage-first heap   total 171008K, used 105984K [0x00000000c0000000, 0x0000000100000000)
  region size 1024K, 11 young (11264K), 3 survivors (3072K)
 Metaspace       used 33212K, committed 33600K, reserved 1114112K
  class space    used 4272K, committed 4416K, reserved 1048576K
GC Heap History (20 events):
Event: 7.876 GC heap before
{Heap before GC invocations=4 (full 0):
 garbage-first heap   total 65536K, used 31870K [0x00000000c0000000, 0x0000000100000000)
  region size 1024K, 20 young (20480K), 5 survivors (5120K)
 Metaspace       used 21205K, committed 21504K, reserved 1114112K
  class space    used 2772K, committed 2944K, reserved 1048576K
}
Event: 7.887 GC heap after
{Heap after GC invocations=5 (full 0):
 garbage-first heap   total 65536K, used 19526K [0x00000000c0000000, 0x0000000100000000)
  region size 1024K, 3 young (3072K), 3 survivors (3072K)
 Metaspace       used 21205K, committed 21504K, reserved 1114112K
  class space    used 2772K, committed 2944K, reserved 1048576K
}
Event: 11.116 GC heap before
{Heap before GC invocations=6 (full 0):
 garbage-first heap   total 105472K, used 86086K [0x00000000c0000000, 0x0000000100000000)
  region size 1024K, 28 young (28672K), 3 survivors (3072K)
 Metaspace       used 28754K, committed 29120K, reserved 1114112K
  class space    used 3793K, committed 3968K, reserved 1048576K
}
Event: 11.124 GC heap after
{Heap after GC invocations=7 (full 0):
 garbage-first heap   total 105472K, used 67129K [0x00000000c0000000, 0x0000000100000000)
  region size 1024K, 4 young (4096K), 4 survivors (4096K)
 Metaspace       used 28754K, committed 29120K, reserved 1114112K
  class space    used 3793K, committed 3968K, reserved 1048576K
}
Event: 11.364 GC heap before
{Heap before GC invocations=7 (full 0):
 garbage-first heap   total 105472K, used 68153K [0x00000000c0000000, 0x0000000100000000)
  region size 1024K, 5 young (5120K), 4 survivors (4096K)
 Metaspace       used 28930K, committed 29312K, reserved 1114112K
  class space    used 3825K, committed 3968K, reserved 1048576K
}
Event: 11.380 GC heap after
{Heap after GC invocations=8 (full 0):
 garbage-first heap   total 105472K, used 67599K [0x00000000c0000000, 0x0000000100000000)
  region size 1024K, 1 young (1024K), 1 survivors (1024K)
 Metaspace       used 28930K, committed 29312K, reserved 1114112K
  class space    used 3825K, committed 3968K, reserved 1048576K
}
Event: 12.289 GC heap before
{Heap before GC invocations=8 (full 0):
 garbage-first heap   total 105472K, used 82959K [0x00000000c0000000, 0x0000000100000000)
  region size 1024K, 17 young (17408K), 1 survivors (1024K)
 Metaspace       used 31244K, committed 31552K, reserved 1114112K
  class space    used 4207K, committed 4352K, reserved 1048576K
}
Event: 12.295 GC heap after
{Heap after GC invocations=9 (full 0):
 garbage-first heap   total 105472K, used 70398K [0x00000000c0000000, 0x0000000100000000)
  region size 1024K, 3 young (3072K), 3 survivors (3072K)
 Metaspace       used 31244K, committed 31552K, reserved 1114112K
  class space    used 4207K, committed 4352K, reserved 1048576K
}
Event: 12.902 GC heap before
{Heap before GC invocations=10 (full 0):
 garbage-first heap   total 119808K, used 84734K [0x00000000c0000000, 0x0000000100000000)
  region size 1024K, 17 young (17408K), 3 survivors (3072K)
 Metaspace       used 31607K, committed 31936K, reserved 1114112K
  class space    used 4214K, committed 4352K, reserved 1048576K
}
Event: 12.914 GC heap after
{Heap after GC invocations=11 (full 0):
 garbage-first heap   total 119808K, used 75126K [0x00000000c0000000, 0x0000000100000000)
  region size 1024K, 3 young (3072K), 3 survivors (3072K)
 Metaspace       used 31607K, committed 31936K, reserved 1114112K
  class space    used 4214K, committed 4352K, reserved 1048576K
}
Event: 12.956 GC heap before
{Heap before GC invocations=11 (full 0):
 garbage-first heap   total 119808K, used 77174K [0x00000000c0000000, 0x0000000100000000)
  region size 1024K, 5 young (5120K), 3 survivors (3072K)
 Metaspace       used 31640K, committed 32000K, reserved 1114112K
  class space    used 4214K, committed 4352K, reserved 1048576K
}
Event: 12.979 GC heap after
{Heap after GC invocations=12 (full 0):
 garbage-first heap   total 149504K, used 75776K [0x00000000c0000000, 0x0000000100000000)
  region size 1024K, 1 young (1024K), 1 survivors (1024K)
 Metaspace       used 31640K, committed 32000K, reserved 1114112K
  class space    used 4214K, committed 4352K, reserved 1048576K
}
Event: 13.644 GC heap before
{Heap before GC invocations=12 (full 0):
 garbage-first heap   total 149504K, used 107520K [0x00000000c0000000, 0x0000000100000000)
  region size 1024K, 33 young (33792K), 1 survivors (1024K)
 Metaspace       used 31918K, committed 32320K, reserved 1114112K
  class space    used 4217K, committed 4352K, reserved 1048576K
}
Event: 13.673 GC heap after
{Heap after GC invocations=13 (full 0):
 garbage-first heap   total 149504K, used 88064K [0x00000000c0000000, 0x0000000100000000)
  region size 1024K, 5 young (5120K), 5 survivors (5120K)
 Metaspace       used 31918K, committed 32320K, reserved 1114112K
  class space    used 4217K, committed 4352K, reserved 1048576K
}
Event: 21.264 GC heap before
{Heap before GC invocations=14 (full 0):
 garbage-first heap   total 149504K, used 112640K [0x00000000c0000000, 0x0000000100000000)
  region size 1024K, 29 young (29696K), 5 survivors (5120K)
 Metaspace       used 32949K, committed 33280K, reserved 1114112K
  class space    used 4272K, committed 4416K, reserved 1048576K
}
Event: 21.340 GC heap after
{Heap after GC invocations=15 (full 0):
 garbage-first heap   total 149504K, used 96256K [0x00000000c0000000, 0x0000000100000000)
  region size 1024K, 4 young (4096K), 4 survivors (4096K)
 Metaspace       used 32949K, committed 33280K, reserved 1114112K
  class space    used 4272K, committed 4416K, reserved 1048576K
}
Event: 21.439 GC heap before
{Heap before GC invocations=15 (full 0):
 garbage-first heap   total 149504K, used 99328K [0x00000000c0000000, 0x0000000100000000)
  region size 1024K, 7 young (7168K), 4 survivors (4096K)
 Metaspace       used 32989K, committed 33344K, reserved 1114112K
  class space    used 4272K, committed 4416K, reserved 1048576K
}
Event: 21.455 GC heap after
{Heap after GC invocations=16 (full 0):
 garbage-first heap   total 149504K, used 97280K [0x00000000c0000000, 0x0000000100000000)
  region size 1024K, 1 young (1024K), 1 survivors (1024K)
 Metaspace       used 32989K, committed 33344K, reserved 1114112K
  class space    used 4272K, committed 4416K, reserved 1048576K
}
Event: 21.721 GC heap before
{Heap before GC invocations=16 (full 0):
 garbage-first heap   total 149504K, used 116736K [0x00000000c0000000, 0x0000000100000000)
  region size 1024K, 20 young (20480K), 1 survivors (1024K)
 Metaspace       used 33015K, committed 33344K, reserved 1114112K
  class space    used 4272K, committed 4416K, reserved 1048576K
}
Event: 21.740 GC heap after
{Heap after GC invocations=17 (full 0):
 garbage-first heap   total 149504K, used 103936K [0x00000000c0000000, 0x0000000100000000)
  region size 1024K, 3 young (3072K), 3 survivors (3072K)
 Metaspace       used 33015K, committed 33344K, reserved 1114112K
  class space    used 4272K, committed 4416K, reserved 1048576K
}

