# JRE version: Java(TM) SE Runtime Environment (19.0.1+10) (build 19.0.1+10-21)
# Java VM: Java HotSpot(TM) 64-Bit Server VM (19.0.1+10-21, mixed mode, sharing, tiered, compressed oops, compressed class ptrs, g1 gc, windows-amd64)
GC Precious Log:
 CardTable entry size: 512
 Card Set container configuration: InlinePtr #cards 5 size 8 Array Of Cards #cards 12 size 40 Howl #buckets 4 coarsen threshold 1843 Howl Bitmap #cards 512 size 80 coarsen threshold 460 Card regions per heap region 1 cards per card region 2048
 CPUs: 2 total, 2 available
 Memory: 4095M
 Large Page Support: Disabled
 NUMA Support: Disabled
 Compressed Oops: Enabled (32-bit)
 Heap Region Size: 1M
 Heap Min Capacity: 8M
 Heap Initial Capacity: 64M
 Heap Max Capacity: 1G
 Pre-touch: Disabled
 Parallel Workers: 2
 Concurrent Workers: 1
 Concurrent Refinement Workers: 2
 Periodic GC: Disabled
Heap:
 garbage-first heap   total 147456K, used 94720K [0x00000000c0000000, 0x0000000100000000)
  region size 1024K, 4 young (4096K), 3 survivors (3072K)
 Metaspace       used 33017K, committed 33472K, reserved 1114112K
  class space    used 4277K, committed 4480K, reserved 1048576K
GC Heap History (20 events):
Event: 2.322 GC heap before
{Heap before GC invocations=3 (full 0):
 garbage-first heap   total 65536K, used 42609K [0x00000000c0000000, 0x0000000100000000)
  region size 1024K, 31 young (31744K), 2 survivors (2048K)
 Metaspace       used 13264K, committed 13504K, reserved 1114112K
  class space    used 1992K, committed 2112K, reserved 1048576K
}
Event: 2.335 GC heap after
{Heap after GC invocations=4 (full 0):
 garbage-first heap   total 65536K, used 17808K [0x00000000c0000000, 0x0000000100000000)
  region size 1024K, 4 young (4096K), 4 survivors (4096K)
 Metaspace       used 13264K, committed 13504K, reserved 1114112K
  class space    used 1992K, committed 2112K, reserved 1048576K
}
Event: 5.871 GC heap before
{Heap before GC invocations=4 (full 0):
 garbage-first heap   total 65536K, used 40336K [0x00000000c0000000, 0x0000000100000000)
  region size 1024K, 26 young (26624K), 4 survivors (4096K)
 Metaspace       used 21166K, committed 21504K, reserved 1114112K
  class space    used 2773K, committed 2944K, reserved 1048576K
}
Event: 5.881 GC heap after
{Heap after GC invocations=5 (full 0):
 garbage-first heap   total 65536K, used 23279K [0x00000000c0000000, 0x0000000100000000)
  region size 1024K, 3 young (3072K), 3 survivors (3072K)
 Metaspace       used 21166K, committed 21504K, reserved 1114112K
  class space    used 2773K, committed 2944K, reserved 1048576K
}
Event: 7.638 GC heap before
{Heap before GC invocations=6 (full 0):
 garbage-first heap   total 65536K, used 42735K [0x00000000c0000000, 0x0000000100000000)
  region size 1024K, 24 young (24576K), 3 survivors (3072K)
 Metaspace       used 28407K, committed 28800K, reserved 1114112K
  class space    used 3711K, committed 3904K, reserved 1048576K
}
Event: 7.648 GC heap after
{Heap after GC invocations=7 (full 0):
 garbage-first heap   total 65536K, used 29105K [0x00000000c0000000, 0x0000000100000000)
  region size 1024K, 3 young (3072K), 3 survivors (3072K)
 Metaspace       used 28407K, committed 28800K, reserved 1114112K
  class space    used 3711K, committed 3904K, reserved 1048576K
}
Event: 7.957 GC heap before
{Heap before GC invocations=7 (full 0):
 garbage-first heap   total 105472K, used 72113K [0x00000000c0000000, 0x0000000100000000)
  region size 1024K, 7 young (7168K), 3 survivors (3072K)
 Metaspace       used 28964K, committed 29440K, reserved 1114112K
  class space    used 3812K, committed 4032K, reserved 1048576K
}
Event: 7.961 GC heap after
{Heap after GC invocations=8 (full 0):
 garbage-first heap   total 105472K, used 69589K [0x00000000c0000000, 0x0000000100000000)
  region size 1024K, 1 young (1024K), 1 survivors (1024K)
 Metaspace       used 28964K, committed 29440K, reserved 1114112K
  class space    used 3812K, committed 4032K, reserved 1048576K
}
Event: 9.932 GC heap before
{Heap before GC invocations=9 (full 0):
 garbage-first heap   total 122880K, used 84949K [0x00000000c0000000, 0x0000000100000000)
  region size 1024K, 15 young (15360K), 1 survivors (1024K)
 Metaspace       used 30936K, committed 31360K, reserved 1114112K
  class space    used 4125K, committed 4352K, reserved 1048576K
}
Event: 9.937 GC heap after
{Heap after GC invocations=10 (full 0):
 garbage-first heap   total 122880K, used 73450K [0x00000000c0000000, 0x0000000100000000)
  region size 1024K, 2 young (2048K), 2 survivors (2048K)
 Metaspace       used 30936K, committed 31360K, reserved 1114112K
  class space    used 4125K, committed 4352K, reserved 1048576K
}
Event: 10.036 GC heap before
{Heap before GC invocations=10 (full 0):
 garbage-first heap   total 122880K, used 77546K [0x00000000c0000000, 0x0000000100000000)
  region size 1024K, 6 young (6144K), 2 survivors (2048K)
 Metaspace       used 31530K, committed 31936K, reserved 1114112K
  class space    used 4233K, committed 4416K, reserved 1048576K
}
Event: 10.043 GC heap after
{Heap after GC invocations=11 (full 0):
 garbage-first heap   total 122880K, used 73959K [0x00000000c0000000, 0x0000000100000000)
  region size 1024K, 1 young (1024K), 1 survivors (1024K)
 Metaspace       used 31530K, committed 31936K, reserved 1114112K
  class space    used 4233K, committed 4416K, reserved 1048576K
}
Event: 10.651 GC heap before
{Heap before GC invocations=11 (full 0):
 garbage-first heap   total 122880K, used 97511K [0x00000000c0000000, 0x0000000100000000)
  region size 1024K, 25 young (25600K), 1 survivors (1024K)
 Metaspace       used 32125K, committed 32512K, reserved 1114112K
  class space    used 4241K, committed 4416K, reserved 1048576K
}
Event: 10.663 GC heap after
{Heap after GC invocations=12 (full 0):
 garbage-first heap   total 147456K, used 81899K [0x00000000c0000000, 0x0000000100000000)
  region size 1024K, 4 young (4096K), 4 survivors (4096K)
 Metaspace       used 32125K, committed 32512K, reserved 1114112K
  class space    used 4241K, committed 4416K, reserved 1048576K
}
Event: 11.087 GC heap before
{Heap before GC invocations=13 (full 0):
 garbage-first heap   total 147456K, used 112619K [0x00000000c0000000, 0x0000000100000000)
  region size 1024K, 34 young (34816K), 4 survivors (4096K)
 Metaspace       used 32280K, committed 32640K, reserved 1114112K
  class space    used 4242K, committed 4416K, reserved 1048576K
}
Event: 11.145 GC heap after
{Heap after GC invocations=14 (full 0):
 garbage-first heap   total 147456K, used 93999K [0x00000000c0000000, 0x0000000100000000)
  region size 1024K, 5 young (5120K), 5 survivors (5120K)
 Metaspace       used 32280K, committed 32640K, reserved 1114112K
  class space    used 4242K, committed 4416K, reserved 1048576K
}
Event: 11.232 GC heap before
{Heap before GC invocations=14 (full 0):
 garbage-first heap   total 147456K, used 96047K [0x00000000c0000000, 0x0000000100000000)
  region size 1024K, 7 young (7168K), 5 survivors (5120K)
 Metaspace       used 32280K, committed 32640K, reserved 1114112K
  class space    used 4242K, committed 4416K, reserved 1048576K
}
Event: 11.252 GC heap after
{Heap after GC invocations=15 (full 0):
 garbage-first heap   total 147456K, used 94613K [0x00000000c0000000, 0x0000000100000000)
  region size 1024K, 1 young (1024K), 1 survivors (1024K)
 Metaspace       used 32280K, committed 32640K, reserved 1114112K
  class space    used 4242K, committed 4416K, reserved 1048576K
}
Event: 13.058 GC heap before
{Heap before GC invocations=15 (full 0):
 garbage-first heap   total 147456K, used 115093K [0x00000000c0000000, 0x0000000100000000)
  region size 1024K, 21 young (21504K), 1 survivors (1024K)
 Metaspace       used 33010K, committed 33472K, reserved 1114112K
  class space    used 4277K, committed 4480K, reserved 1048576K
}
Event: 13.070 GC heap after
{Heap after GC invocations=16 (full 0):
 garbage-first heap   total 147456K, used 99840K [0x00000000c0000000, 0x0000000100000000)
  region size 1024K, 3 young (3072K), 3 survivors (3072K)
 Metaspace       used 33010K, committed 33472K, reserved 1114112K
  class space    used 4277K, committed 4480K, reserved 1048576K
}

