# JRE version: Java(TM) SE Runtime Environment (19.0.1+10) (build 19.0.1+10-21)
# Java VM: Java HotSpot(TM) 64-Bit Server VM (19.0.1+10-21, mixed mode, sharing, tiered, compressed oops, compressed class ptrs, g1 gc, windows-amd64)
GC Precious Log:
 CardTable entry size: 512
 Card Set container configuration: InlinePtr #cards 5 size 8 Array Of Cards #cards 12 size 40 Howl #buckets 4 coarsen threshold 1843 Howl Bitmap #cards 512 size 80 coarsen threshold 460 Card regions per heap region 1 cards per card region 2048
 CPUs: 2 total, 2 available
 Memory: 4095M
 Large Page Support: Disabled
 NUMA Support: Disabled
 Compressed Oops: Enabled (32-bit)
 Heap Region Size: 1M
 Heap Min Capacity: 8M
 Heap Initial Capacity: 64M
 Heap Max Capacity: 1G
 Pre-touch: Disabled
 Parallel Workers: 2
 Concurrent Workers: 1
 Concurrent Refinement Workers: 2
 Periodic GC: Disabled
Heap:
 garbage-first heap   total 216064K, used 121221K [0x00000000c0000000, 0x0000000100000000)
  region size 1024K, 36 young (36864K), 1 survivors (1024K)
 Metaspace       used 32991K, committed 33344K, reserved 1114112K
  class space    used 4258K, committed 4416K, reserved 1048576K
GC Heap History (20 events):
Event: 4.085 GC heap before
{Heap before GC invocations=3 (full 0):
 garbage-first heap   total 65536K, used 46956K [0x00000000c0000000, 0x0000000100000000)
  region size 1024K, 38 young (38912K), 2 survivors (2048K)
 Metaspace       used 17935K, committed 18304K, reserved 1114112K
  class space    used 2443K, committed 2624K, reserved 1048576K
}
Event: 4.113 GC heap after
{Heap after GC invocations=4 (full 0):
 garbage-first heap   total 65536K, used 15993K [0x00000000c0000000, 0x0000000100000000)
  region size 1024K, 5 young (5120K), 5 survivors (5120K)
 Metaspace       used 17935K, committed 18304K, reserved 1114112K
  class space    used 2443K, committed 2624K, reserved 1048576K
}
Event: 4.538 GC heap before
{Heap before GC invocations=4 (full 0):
 garbage-first heap   total 65536K, used 24185K [0x00000000c0000000, 0x0000000100000000)
  region size 1024K, 14 young (14336K), 5 survivors (5120K)
 Metaspace       used 21171K, committed 21504K, reserved 1114112K
  class space    used 2773K, committed 2944K, reserved 1048576K
}
Event: 4.547 GC heap after
{Heap after GC invocations=5 (full 0):
 garbage-first heap   total 65536K, used 17877K [0x00000000c0000000, 0x0000000100000000)
  region size 1024K, 2 young (2048K), 2 survivors (2048K)
 Metaspace       used 21171K, committed 21504K, reserved 1114112K
  class space    used 2773K, committed 2944K, reserved 1048576K
}
Event: 7.439 GC heap before
{Heap before GC invocations=6 (full 0):
 garbage-first heap   total 105472K, used 85461K [0x00000000c0000000, 0x0000000100000000)
  region size 1024K, 28 young (28672K), 2 survivors (2048K)
 Metaspace       used 28728K, committed 29056K, reserved 1114112K
  class space    used 3804K, committed 3968K, reserved 1048576K
}
Event: 7.447 GC heap after
{Heap after GC invocations=7 (full 0):
 garbage-first heap   total 105472K, used 65140K [0x00000000c0000000, 0x0000000100000000)
  region size 1024K, 4 young (4096K), 4 survivors (4096K)
 Metaspace       used 28728K, committed 29056K, reserved 1114112K
  class space    used 3804K, committed 3968K, reserved 1048576K
}
Event: 7.574 GC heap before
{Heap before GC invocations=7 (full 0):
 garbage-first heap   total 105472K, used 66164K [0x00000000c0000000, 0x0000000100000000)
  region size 1024K, 5 young (5120K), 4 survivors (4096K)
 Metaspace       used 28963K, committed 29376K, reserved 1114112K
  class space    used 3822K, committed 4032K, reserved 1048576K
}
Event: 7.577 GC heap after
{Heap after GC invocations=8 (full 0):
 garbage-first heap   total 105472K, used 65210K [0x00000000c0000000, 0x0000000100000000)
  region size 1024K, 1 young (1024K), 1 survivors (1024K)
 Metaspace       used 28963K, committed 29376K, reserved 1114112K
  class space    used 3822K, committed 4032K, reserved 1048576K
}
Event: 8.323 GC heap before
{Heap before GC invocations=8 (full 0):
 garbage-first heap   total 105472K, used 81594K [0x00000000c0000000, 0x0000000100000000)
  region size 1024K, 18 young (18432K), 1 survivors (1024K)
 Metaspace       used 31236K, committed 31616K, reserved 1114112K
  class space    used 4196K, committed 4352K, reserved 1048576K
}
Event: 8.330 GC heap after
{Heap after GC invocations=9 (full 0):
 garbage-first heap   total 105472K, used 69183K [0x00000000c0000000, 0x0000000100000000)
  region size 1024K, 3 young (3072K), 3 survivors (3072K)
 Metaspace       used 31236K, committed 31616K, reserved 1114112K
  class space    used 4196K, committed 4352K, reserved 1048576K
}
Event: 8.692 GC heap before
{Heap before GC invocations=10 (full 0):
 garbage-first heap   total 117760K, used 83519K [0x00000000c0000000, 0x0000000100000000)
  region size 1024K, 17 young (17408K), 3 survivors (3072K)
 Metaspace       used 31485K, committed 31936K, reserved 1114112K
  class space    used 4207K, committed 4416K, reserved 1048576K
}
Event: 8.702 GC heap after
{Heap after GC invocations=11 (full 0):
 garbage-first heap   total 117760K, used 73943K [0x00000000c0000000, 0x0000000100000000)
  region size 1024K, 3 young (3072K), 3 survivors (3072K)
 Metaspace       used 31485K, committed 31936K, reserved 1114112K
  class space    used 4207K, committed 4416K, reserved 1048576K
}
Event: 8.736 GC heap before
{Heap before GC invocations=11 (full 0):
 garbage-first heap   total 117760K, used 75991K [0x00000000c0000000, 0x0000000100000000)
  region size 1024K, 5 young (5120K), 3 survivors (3072K)
 Metaspace       used 31526K, committed 31936K, reserved 1114112K
  class space    used 4207K, committed 4416K, reserved 1048576K
}
Event: 8.742 GC heap after
{Heap after GC invocations=12 (full 0):
 garbage-first heap   total 117760K, used 74927K [0x00000000c0000000, 0x0000000100000000)
  region size 1024K, 1 young (1024K), 1 survivors (1024K)
 Metaspace       used 31526K, committed 31936K, reserved 1114112K
  class space    used 4207K, committed 4416K, reserved 1048576K
}
Event: 8.925 GC heap before
{Heap before GC invocations=12 (full 0):
 garbage-first heap   total 117760K, used 91311K [0x00000000c0000000, 0x0000000100000000)
  region size 1024K, 17 young (17408K), 1 survivors (1024K)
 Metaspace       used 31691K, committed 32128K, reserved 1114112K
  class space    used 4207K, committed 4416K, reserved 1048576K
}
Event: 8.944 GC heap after
{Heap after GC invocations=13 (full 0):
 garbage-first heap   total 117760K, used 81258K [0x00000000c0000000, 0x0000000100000000)
  region size 1024K, 3 young (3072K), 3 survivors (3072K)
 Metaspace       used 31691K, committed 32128K, reserved 1114112K
  class space    used 4207K, committed 4416K, reserved 1048576K
}
Event: 9.368 GC heap before
{Heap before GC invocations=14 (full 0):
 garbage-first heap   total 143360K, used 92522K [0x00000000c0000000, 0x0000000100000000)
  region size 1024K, 14 young (14336K), 3 survivors (3072K)
 Metaspace       used 32237K, committed 32640K, reserved 1114112K
  class space    used 4240K, committed 4416K, reserved 1048576K
}
Event: 9.381 GC heap after
{Heap after GC invocations=15 (full 0):
 garbage-first heap   total 143360K, used 86016K [0x00000000c0000000, 0x0000000100000000)
  region size 1024K, 2 young (2048K), 2 survivors (2048K)
 Metaspace       used 32237K, committed 32640K, reserved 1114112K
  class space    used 4240K, committed 4416K, reserved 1048576K
}
Event: 10.035 GC heap before
{Heap before GC invocations=15 (full 0):
 garbage-first heap   total 143360K, used 91136K [0x00000000c0000000, 0x0000000100000000)
  region size 1024K, 7 young (7168K), 2 survivors (2048K)
 Metaspace       used 32511K, committed 32896K, reserved 1114112K
  class space    used 4242K, committed 4416K, reserved 1048576K
}
Event: 10.041 GC heap after
{Heap after GC invocations=16 (full 0):
 garbage-first heap   total 216064K, used 86405K [0x00000000c0000000, 0x0000000100000000)
  region size 1024K, 1 young (1024K), 1 survivors (1024K)
 Metaspace       used 32511K, committed 32896K, reserved 1114112K
  class space    used 4242K, committed 4416K, reserved 1048576K
}

